[debug] [2023-04-01T04:46:45.596Z] ----------------------------------------------------------------------
[debug] [2023-04-01T04:46:45.597Z] Command:       /Users/codyhusek/.nvm/versions/node/v16.18.0/bin/node /Users/codyhusek/.nvm/versions/node/v16.18.0/bin/firebase deploy --only functions
[debug] [2023-04-01T04:46:45.597Z] CLI Version:   11.24.1
[debug] [2023-04-01T04:46:45.597Z] Platform:      darwin
[debug] [2023-04-01T04:46:45.597Z] Node Version:  v16.18.0
[debug] [2023-04-01T04:46:45.598Z] Time:          Sat Apr 01 2023 00:46:45 GMT-0400 (Eastern Daylight Time)
[debug] [2023-04-01T04:46:45.598Z] ----------------------------------------------------------------------
[debug] 
[debug] [2023-04-01T04:46:45.630Z] > command requires scopes: ["email","openid","https://www.googleapis.com/auth/cloudplatformprojects.readonly","https://www.googleapis.com/auth/firebase","https://www.googleapis.com/auth/cloud-platform"]
[debug] [2023-04-01T04:46:45.630Z] > authorizing via signed-in user (cody.husek@husoftsolutions.com)
[debug] [2023-04-01T04:46:45.630Z] [iam] checking project thebunkerparties for permissions ["cloudfunctions.functions.create","cloudfunctions.functions.delete","cloudfunctions.functions.get","cloudfunctions.functions.list","cloudfunctions.functions.update","cloudfunctions.operations.get","firebase.projects.get"]
[debug] [2023-04-01T04:46:45.631Z] >>> [apiv2][query] POST https://cloudresourcemanager.googleapis.com/v1/projects/thebunkerparties:testIamPermissions [none]
[debug] [2023-04-01T04:46:45.632Z] >>> [apiv2][(partial)header] POST https://cloudresourcemanager.googleapis.com/v1/projects/thebunkerparties:testIamPermissions x-goog-quota-user=projects/thebunkerparties
[debug] [2023-04-01T04:46:45.632Z] >>> [apiv2][body] POST https://cloudresourcemanager.googleapis.com/v1/projects/thebunkerparties:testIamPermissions {"permissions":["cloudfunctions.functions.create","cloudfunctions.functions.delete","cloudfunctions.functions.get","cloudfunctions.functions.list","cloudfunctions.functions.update","cloudfunctions.operations.get","firebase.projects.get"]}
[debug] [2023-04-01T04:46:46.154Z] <<< [apiv2][status] POST https://cloudresourcemanager.googleapis.com/v1/projects/thebunkerparties:testIamPermissions 200
[debug] [2023-04-01T04:46:46.154Z] <<< [apiv2][body] POST https://cloudresourcemanager.googleapis.com/v1/projects/thebunkerparties:testIamPermissions {"permissions":["cloudfunctions.functions.create","cloudfunctions.functions.delete","cloudfunctions.functions.get","cloudfunctions.functions.list","cloudfunctions.functions.update","cloudfunctions.operations.get","firebase.projects.get"]}
[debug] [2023-04-01T04:46:46.155Z] >>> [apiv2][query] POST https://iam.googleapis.com/v1/projects/thebunkerparties/serviceAccounts/thebunkerparties@appspot.gserviceaccount.com:testIamPermissions [none]
[debug] [2023-04-01T04:46:46.155Z] >>> [apiv2][body] POST https://iam.googleapis.com/v1/projects/thebunkerparties/serviceAccounts/thebunkerparties@appspot.gserviceaccount.com:testIamPermissions {"permissions":["iam.serviceAccounts.actAs"]}
[debug] [2023-04-01T04:46:46.610Z] <<< [apiv2][status] POST https://iam.googleapis.com/v1/projects/thebunkerparties/serviceAccounts/thebunkerparties@appspot.gserviceaccount.com:testIamPermissions 200
[debug] [2023-04-01T04:46:46.610Z] <<< [apiv2][body] POST https://iam.googleapis.com/v1/projects/thebunkerparties/serviceAccounts/thebunkerparties@appspot.gserviceaccount.com:testIamPermissions {"permissions":["iam.serviceAccounts.actAs"]}
[info] 
[info] === Deploying to 'thebunkerparties'...
[info] 
[info] i  deploying functions 
[debug] [2023-04-01T04:46:46.614Z] >>> [apiv2][query] GET https://firebase.googleapis.com/v1beta1/projects/thebunkerparties [none]
[debug] [2023-04-01T04:46:47.484Z] <<< [apiv2][status] GET https://firebase.googleapis.com/v1beta1/projects/thebunkerparties 200
[debug] [2023-04-01T04:46:47.485Z] <<< [apiv2][body] GET https://firebase.googleapis.com/v1beta1/projects/thebunkerparties {"projectId":"thebunkerparties","projectNumber":"804722565276","displayName":"thebunkerparties","name":"projects/thebunkerparties","resources":{"hostingSite":"thebunkerparties"},"state":"ACTIVE","etag":"1_bb35f324-4426-4b4e-a89a-bd9c60f044aa"}
[info] i  functions: preparing codebase default for deployment 
[info] i  functions: ensuring required API cloudfunctions.googleapis.com is enabled... 
[info] i  functions: ensuring required API cloudbuild.googleapis.com is enabled... 
[info] i  artifactregistry: ensuring required API artifactregistry.googleapis.com is enabled... 
[debug] [2023-04-01T04:46:47.486Z] >>> [apiv2][query] GET https://serviceusage.googleapis.com/v1/projects/thebunkerparties/services/cloudfunctions.googleapis.com [none]
[debug] [2023-04-01T04:46:47.486Z] >>> [apiv2][(partial)header] GET https://serviceusage.googleapis.com/v1/projects/thebunkerparties/services/cloudfunctions.googleapis.com x-goog-quota-user=projects/thebunkerparties
[debug] [2023-04-01T04:46:47.487Z] >>> [apiv2][query] GET https://serviceusage.googleapis.com/v1/projects/thebunkerparties/services/runtimeconfig.googleapis.com [none]
[debug] [2023-04-01T04:46:47.487Z] >>> [apiv2][(partial)header] GET https://serviceusage.googleapis.com/v1/projects/thebunkerparties/services/runtimeconfig.googleapis.com x-goog-quota-user=projects/thebunkerparties
[debug] [2023-04-01T04:46:47.488Z] >>> [apiv2][query] GET https://serviceusage.googleapis.com/v1/projects/thebunkerparties/services/cloudbuild.googleapis.com [none]
[debug] [2023-04-01T04:46:47.488Z] >>> [apiv2][(partial)header] GET https://serviceusage.googleapis.com/v1/projects/thebunkerparties/services/cloudbuild.googleapis.com x-goog-quota-user=projects/thebunkerparties
[debug] [2023-04-01T04:46:47.488Z] >>> [apiv2][query] GET https://serviceusage.googleapis.com/v1/projects/thebunkerparties/services/artifactregistry.googleapis.com [none]
[debug] [2023-04-01T04:46:47.488Z] >>> [apiv2][(partial)header] GET https://serviceusage.googleapis.com/v1/projects/thebunkerparties/services/artifactregistry.googleapis.com x-goog-quota-user=projects/thebunkerparties
[debug] [2023-04-01T04:46:48.006Z] <<< [apiv2][status] GET https://serviceusage.googleapis.com/v1/projects/thebunkerparties/services/artifactregistry.googleapis.com 200
[debug] [2023-04-01T04:46:48.006Z] <<< [apiv2][body] GET https://serviceusage.googleapis.com/v1/projects/thebunkerparties/services/artifactregistry.googleapis.com [omitted]
[info] ✔  artifactregistry: required API artifactregistry.googleapis.com is enabled 
[debug] [2023-04-01T04:46:48.007Z] <<< [apiv2][status] GET https://serviceusage.googleapis.com/v1/projects/thebunkerparties/services/runtimeconfig.googleapis.com 200
[debug] [2023-04-01T04:46:48.007Z] <<< [apiv2][body] GET https://serviceusage.googleapis.com/v1/projects/thebunkerparties/services/runtimeconfig.googleapis.com [omitted]
[debug] [2023-04-01T04:46:48.009Z] <<< [apiv2][status] GET https://serviceusage.googleapis.com/v1/projects/thebunkerparties/services/cloudfunctions.googleapis.com 200
[debug] [2023-04-01T04:46:48.009Z] <<< [apiv2][body] GET https://serviceusage.googleapis.com/v1/projects/thebunkerparties/services/cloudfunctions.googleapis.com [omitted]
[info] ✔  functions: required API cloudfunctions.googleapis.com is enabled 
[debug] [2023-04-01T04:46:48.011Z] <<< [apiv2][status] GET https://serviceusage.googleapis.com/v1/projects/thebunkerparties/services/cloudbuild.googleapis.com 200
[debug] [2023-04-01T04:46:48.011Z] <<< [apiv2][body] GET https://serviceusage.googleapis.com/v1/projects/thebunkerparties/services/cloudbuild.googleapis.com [omitted]
[info] ✔  functions: required API cloudbuild.googleapis.com is enabled 
[debug] [2023-04-01T04:46:48.012Z] >>> [apiv2][query] GET https://firebase.googleapis.com/v1beta1/projects/thebunkerparties/adminSdkConfig [none]
[debug] [2023-04-01T04:46:48.575Z] <<< [apiv2][status] GET https://firebase.googleapis.com/v1beta1/projects/thebunkerparties/adminSdkConfig 200
[debug] [2023-04-01T04:46:48.576Z] <<< [apiv2][body] GET https://firebase.googleapis.com/v1beta1/projects/thebunkerparties/adminSdkConfig {"projectId":"thebunkerparties","storageBucket":"thebunkerparties.appspot.com"}
[debug] [2023-04-01T04:46:48.577Z] >>> [apiv2][query] GET https://runtimeconfig.googleapis.com/v1beta1/projects/thebunkerparties/configs [none]
[debug] [2023-04-01T04:46:48.908Z] <<< [apiv2][status] GET https://runtimeconfig.googleapis.com/v1beta1/projects/thebunkerparties/configs 200
[debug] [2023-04-01T04:46:48.909Z] <<< [apiv2][body] GET https://runtimeconfig.googleapis.com/v1beta1/projects/thebunkerparties/configs {"configs":[{"name":"projects/thebunkerparties/configs/sendgrid"}]}
[debug] [2023-04-01T04:46:48.910Z] >>> [apiv2][query] GET https://runtimeconfig.googleapis.com/v1beta1/projects/thebunkerparties/configs/sendgrid/variables [none]
[debug] [2023-04-01T04:46:49.535Z] <<< [apiv2][status] GET https://runtimeconfig.googleapis.com/v1beta1/projects/thebunkerparties/configs/sendgrid/variables 200
[debug] [2023-04-01T04:46:49.535Z] <<< [apiv2][body] GET https://runtimeconfig.googleapis.com/v1beta1/projects/thebunkerparties/configs/sendgrid/variables {"variables":[{"name":"projects/thebunkerparties/configs/sendgrid/variables/key","updateTime":"2023-04-01T04:29:36.801964499Z"},{"name":"projects/thebunkerparties/configs/sendgrid/variables/event_client_template","updateTime":"2023-03-31T04:24:37.249248795Z"},{"name":"projects/thebunkerparties/configs/sendgrid/variables/event_template","updateTime":"2023-04-01T03:56:56.257389819Z"}]}
[debug] [2023-04-01T04:46:49.536Z] >>> [apiv2][query] GET https://runtimeconfig.googleapis.com/v1beta1/projects/thebunkerparties/configs/sendgrid/variables/key [none]
[debug] [2023-04-01T04:46:49.539Z] >>> [apiv2][query] GET https://runtimeconfig.googleapis.com/v1beta1/projects/thebunkerparties/configs/sendgrid/variables/event_client_template [none]
[debug] [2023-04-01T04:46:49.540Z] >>> [apiv2][query] GET https://runtimeconfig.googleapis.com/v1beta1/projects/thebunkerparties/configs/sendgrid/variables/event_template [none]
[debug] [2023-04-01T04:46:49.842Z] <<< [apiv2][status] GET https://runtimeconfig.googleapis.com/v1beta1/projects/thebunkerparties/configs/sendgrid/variables/key 200
[debug] [2023-04-01T04:46:49.843Z] <<< [apiv2][body] GET https://runtimeconfig.googleapis.com/v1beta1/projects/thebunkerparties/configs/sendgrid/variables/key {"name":"projects/thebunkerparties/configs/sendgrid/variables/key","updateTime":"2023-04-01T04:29:36.801964499Z","text":"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"}
[debug] [2023-04-01T04:46:50.065Z] <<< [apiv2][status] GET https://runtimeconfig.googleapis.com/v1beta1/projects/thebunkerparties/configs/sendgrid/variables/event_client_template 200
[debug] [2023-04-01T04:46:50.066Z] <<< [apiv2][body] GET https://runtimeconfig.googleapis.com/v1beta1/projects/thebunkerparties/configs/sendgrid/variables/event_client_template {"name":"projects/thebunkerparties/configs/sendgrid/variables/event_client_template","updateTime":"2023-03-31T04:24:37.249248795Z","text":"d-bb31c8f508894be49026a8e787061ece"}
[debug] [2023-04-01T04:46:50.344Z] <<< [apiv2][status] GET https://runtimeconfig.googleapis.com/v1beta1/projects/thebunkerparties/configs/sendgrid/variables/event_template 200
[debug] [2023-04-01T04:46:50.344Z] <<< [apiv2][body] GET https://runtimeconfig.googleapis.com/v1beta1/projects/thebunkerparties/configs/sendgrid/variables/event_template {"name":"projects/thebunkerparties/configs/sendgrid/variables/event_template","updateTime":"2023-04-01T03:56:56.257389819Z","text":"d-07722a2673024401a409e089da5d997a"}
[debug] [2023-04-01T04:46:50.346Z] Validating nodejs source
[debug] [2023-04-01T04:46:51.086Z] > [functions] package.json contents: {
  "name": "functions",
  "description": "Cloud Functions for Firebase",
  "scripts": {
    "serve": "firebase emulators:start --only functions",
    "shell": "firebase functions:shell",
    "start": "npm run shell",
    "deploy": "firebase deploy --only functions",
    "logs": "firebase functions:log"
  },
  "engines": {
    "node": "16"
  },
  "main": "index.js",
  "dependencies": {
    "@sendgrid/mail": "^7.7.0",
    "firebase-admin": "^11.5.0",
    "firebase-functions": "^4.2.0"
  },
  "devDependencies": {
    "firebase-functions-test": "^3.0.0"
  },
  "private": true
}
[debug] [2023-04-01T04:46:51.087Z] Building nodejs source
[debug] [2023-04-01T04:46:51.087Z] Could not find functions.yaml. Must use http discovery
[debug] [2023-04-01T04:46:51.096Z] Found firebase-functions binary at '/Users/codyhusek/dev/thebunker-parties/functions/node_modules/.bin/firebase-functions'
[debug] [2023-04-01T04:46:51.210Z] Serving at port 8962

[debug] [2023-04-01T04:46:51.464Z] Got response from /__/functions.yaml {"endpoints":{"sendEmail":{"platform":"gcfv1","labels":{},"availableMemoryMb":null,"timeoutSeconds":null,"minInstances":null,"maxInstances":null,"ingressSettings":null,"serviceAccountEmail":null,"vpc":null,"callableTrigger":{},"entryPoint":"sendEmail"}},"specVersion":"v1alpha1","requiredAPIs":[]}
[debug] [2023-04-01T04:46:51.468Z] shutdown requested via /__/quitquitquit

[info] i  functions: preparing functions directory for uploading... 
[info] i  functions: packaged /Users/codyhusek/dev/thebunker-parties/functions (129.32 KB) for uploading 
[debug] [2023-04-01T04:46:51.496Z] >>> [apiv2][query] GET https://cloudfunctions.googleapis.com/v1/projects/thebunkerparties/locations/-/functions [none]
[debug] [2023-04-01T04:46:52.221Z] <<< [apiv2][status] GET https://cloudfunctions.googleapis.com/v1/projects/thebunkerparties/locations/-/functions 200
[debug] [2023-04-01T04:46:52.222Z] <<< [apiv2][body] GET https://cloudfunctions.googleapis.com/v1/projects/thebunkerparties/locations/-/functions {"functions":[{"name":"projects/thebunkerparties/locations/us-central1/functions/sendEmail","httpsTrigger":{"url":"https://us-central1-thebunkerparties.cloudfunctions.net/sendEmail","securityLevel":"SECURE_ALWAYS"},"status":"ACTIVE","entryPoint":"sendEmail","timeout":"60s","availableMemoryMb":256,"serviceAccountEmail":"thebunkerparties@appspot.gserviceaccount.com","updateTime":"2023-04-01T04:44:29.772Z","versionId":"3","labels":{"deployment-tool":"cli-firebase","deployment-callable":"true","firebase-functions-hash":"5e6d091bdd1583a12d72116df5b6a61362d29777"},"sourceUploadUrl":"https://storage.googleapis.com/uploads-825492070653.us-central1.cloudfunctions.appspot.com/5cd3630a-355e-480f-8371-7647e4945330.zip","environmentVariables":{"FIREBASE_CONFIG":"{\"projectId\":\"thebunkerparties\",\"storageBucket\":\"thebunkerparties.appspot.com\"}","GCLOUD_PROJECT":"thebunkerparties","EVENTARC_CLOUD_EVENT_SOURCE":"projects/thebunkerparties/locations/us-central1/functions/sendEmail"},"runtime":"nodejs16","ingressSettings":"ALLOW_ALL","buildId":"2b98d9d2-f794-4ccc-94da-45c52546b306","buildName":"projects/804722565276/locations/us-central1/builds/2b98d9d2-f794-4ccc-94da-45c52546b306","dockerRegistry":"ARTIFACT_REGISTRY"}]}
[debug] [2023-04-01T04:46:52.225Z] >>> [apiv2][query] GET https://cloudfunctions.googleapis.com/v2/projects/thebunkerparties/locations/-/functions filter=environment%3D%22GEN_2%22
[debug] [2023-04-01T04:46:52.825Z] <<< [apiv2][status] GET https://cloudfunctions.googleapis.com/v2/projects/thebunkerparties/locations/-/functions 200
[debug] [2023-04-01T04:46:52.825Z] <<< [apiv2][body] GET https://cloudfunctions.googleapis.com/v2/projects/thebunkerparties/locations/-/functions {}
[debug] [2023-04-01T04:46:52.831Z] >>> [apiv2][query] GET https://firebase.googleapis.com/v1beta1/projects/thebunkerparties [none]
[debug] [2023-04-01T04:46:53.175Z] <<< [apiv2][status] GET https://firebase.googleapis.com/v1beta1/projects/thebunkerparties 200
[debug] [2023-04-01T04:46:53.176Z] <<< [apiv2][body] GET https://firebase.googleapis.com/v1beta1/projects/thebunkerparties {"projectId":"thebunkerparties","projectNumber":"804722565276","displayName":"thebunkerparties","name":"projects/thebunkerparties","resources":{"hostingSite":"thebunkerparties"},"state":"ACTIVE","etag":"1_bb35f324-4426-4b4e-a89a-bd9c60f044aa"}
[debug] [2023-04-01T04:46:53.178Z] >>> [apiv2][query] POST https://cloudfunctions.googleapis.com/v1/projects/thebunkerparties/locations/us-central1/functions:generateUploadUrl [none]
[debug] [2023-04-01T04:46:53.179Z] >>> [apiv2][body] POST https://cloudfunctions.googleapis.com/v1/projects/thebunkerparties/locations/us-central1/functions:generateUploadUrl {}
[debug] [2023-04-01T04:46:53.884Z] <<< [apiv2][status] POST https://cloudfunctions.googleapis.com/v1/projects/thebunkerparties/locations/us-central1/functions:generateUploadUrl 200
[debug] [2023-04-01T04:46:53.884Z] <<< [apiv2][body] POST https://cloudfunctions.googleapis.com/v1/projects/thebunkerparties/locations/us-central1/functions:generateUploadUrl {"uploadUrl":"https://storage.googleapis.com/uploads-825492070653.us-central1.cloudfunctions.appspot.com/4ca77a86-6f13-4b60-b914-4f6ce3108ed5.zip?GoogleAccessId=service-804722565276@gcf-admin-robot.iam.gserviceaccount.com&Expires=1680326213&Signature=i1WChf8EnI%2FP%2FD16dtalTUvAdDkfI88YMJXwwEooUK3Eqjw9ZIyjGTt8IKpcxOwTlmsGMXv7lpAsEMtFUPjKkDypw1Q1z%2F2sAYU1S%2FHQ%2FYnMFzi%2F8MAJjdNy15oAB%2BaMSfsQO5rU2wNnJEVDUXUFB9K%2BqregxwTasvGqg4pWC3dHhrwViMM15ag9oFn0t6ZnFa8SmxjVg3zzuYtjYYBC74%2FYTJ1RjhEHiJPcBoKMrhTiBQ5M9%2Bs6rCsl8LVH%2Fwi3tg13DARCNZQg6raQxdmBlpX6aD9D233uZlR13VCWO8entvFDcMNFShnsMMUqI8YXWSF7QkA5V0DmfcrgmfbdzQ%3D%3D"}
[debug] [2023-04-01T04:46:53.886Z] >>> [apiv2][query] PUT https://storage.googleapis.com/uploads-825492070653.us-central1.cloudfunctions.appspot.com/4ca77a86-6f13-4b60-b914-4f6ce3108ed5.zip GoogleAccessId=service-804722565276%40gcf-admin-robot.iam.gserviceaccount.com&Expires=1680326213&Signature=i1WChf8EnI%2FP%2FD16dtalTUvAdDkfI88YMJXwwEooUK3Eqjw9ZIyjGTt8IKpcxOwTlmsGMXv7lpAsEMtFUPjKkDypw1Q1z%2F2sAYU1S%2FHQ%2FYnMFzi%2F8MAJjdNy15oAB%2BaMSfsQO5rU2wNnJEVDUXUFB9K%2BqregxwTasvGqg4pWC3dHhrwViMM15ag9oFn0t6ZnFa8SmxjVg3zzuYtjYYBC74%2FYTJ1RjhEHiJPcBoKMrhTiBQ5M9%2Bs6rCsl8LVH%2Fwi3tg13DARCNZQg6raQxdmBlpX6aD9D233uZlR13VCWO8entvFDcMNFShnsMMUqI8YXWSF7QkA5V0DmfcrgmfbdzQ%3D%3D
[debug] [2023-04-01T04:46:53.886Z] >>> [apiv2][body] PUT https://storage.googleapis.com/uploads-825492070653.us-central1.cloudfunctions.appspot.com/4ca77a86-6f13-4b60-b914-4f6ce3108ed5.zip [stream]
[debug] [2023-04-01T04:46:54.873Z] <<< [apiv2][status] PUT https://storage.googleapis.com/uploads-825492070653.us-central1.cloudfunctions.appspot.com/4ca77a86-6f13-4b60-b914-4f6ce3108ed5.zip 200
[debug] [2023-04-01T04:46:54.873Z] <<< [apiv2][body] PUT https://storage.googleapis.com/uploads-825492070653.us-central1.cloudfunctions.appspot.com/4ca77a86-6f13-4b60-b914-4f6ce3108ed5.zip [omitted]
[info] ✔  functions: functions folder uploaded successfully 
[info] i  functions: updating Node.js 16 function sendEmail(us-central1)... 
[debug] [2023-04-01T04:46:54.875Z] >>> [apiv2][query] PATCH https://cloudfunctions.googleapis.com/v1/projects/thebunkerparties/locations/us-central1/functions/sendEmail updateMask=name%2CsourceUploadUrl%2CentryPoint%2Cruntime%2CdockerRegistry%2Clabels%2ChttpsTrigger.securityLevel%2CminInstances%2CmaxInstances%2CingressSettings%2CenvironmentVariables%2CserviceAccountEmail%2CavailableMemoryMb%2Ctimeout%2CvpcConnector%2CvpcConnectorEgressSettings%2CsourceToken
[debug] [2023-04-01T04:46:54.875Z] >>> [apiv2][body] PATCH https://cloudfunctions.googleapis.com/v1/projects/thebunkerparties/locations/us-central1/functions/sendEmail {"name":"projects/thebunkerparties/locations/us-central1/functions/sendEmail","sourceUploadUrl":"https://storage.googleapis.com/uploads-825492070653.us-central1.cloudfunctions.appspot.com/4ca77a86-6f13-4b60-b914-4f6ce3108ed5.zip?GoogleAccessId=service-804722565276@gcf-admin-robot.iam.gserviceaccount.com&Expires=1680326213&Signature=i1WChf8EnI%2FP%2FD16dtalTUvAdDkfI88YMJXwwEooUK3Eqjw9ZIyjGTt8IKpcxOwTlmsGMXv7lpAsEMtFUPjKkDypw1Q1z%2F2sAYU1S%2FHQ%2FYnMFzi%2F8MAJjdNy15oAB%2BaMSfsQO5rU2wNnJEVDUXUFB9K%2BqregxwTasvGqg4pWC3dHhrwViMM15ag9oFn0t6ZnFa8SmxjVg3zzuYtjYYBC74%2FYTJ1RjhEHiJPcBoKMrhTiBQ5M9%2Bs6rCsl8LVH%2Fwi3tg13DARCNZQg6raQxdmBlpX6aD9D233uZlR13VCWO8entvFDcMNFShnsMMUqI8YXWSF7QkA5V0DmfcrgmfbdzQ%3D%3D","entryPoint":"sendEmail","runtime":"nodejs16","dockerRegistry":"ARTIFACT_REGISTRY","labels":{"deployment-tool":"cli-firebase","deployment-callable":"true","firebase-functions-hash":"66d56e281de7969322bd959dc94a0c6510d11efc"},"httpsTrigger":{"securityLevel":"SECURE_ALWAYS"},"minInstances":null,"maxInstances":null,"ingressSettings":null,"environmentVariables":{"FIREBASE_CONFIG":"{\"projectId\":\"thebunkerparties\",\"storageBucket\":\"thebunkerparties.appspot.com\"}","GCLOUD_PROJECT":"thebunkerparties","EVENTARC_CLOUD_EVENT_SOURCE":"projects/thebunkerparties/locations/us-central1/functions/sendEmail"},"serviceAccountEmail":null,"availableMemoryMb":null,"timeout":null,"vpcConnector":null,"vpcConnectorEgressSettings":null}
[debug] [2023-04-01T04:46:55.568Z] <<< [apiv2][status] PATCH https://cloudfunctions.googleapis.com/v1/projects/thebunkerparties/locations/us-central1/functions/sendEmail 200
[debug] [2023-04-01T04:46:55.568Z] <<< [apiv2][body] PATCH https://cloudfunctions.googleapis.com/v1/projects/thebunkerparties/locations/us-central1/functions/sendEmail {"name":"operations/dGhlYnVua2VycGFydGllcy91cy1jZW50cmFsMS9zZW5kRW1haWwvT1Rzc0Q0Y19BLU0","metadata":{"@type":"type.googleapis.com/google.cloud.functions.v1.OperationMetadataV1","target":"projects/thebunkerparties/locations/us-central1/functions/sendEmail","type":"UPDATE_FUNCTION","request":{"@type":"type.googleapis.com/google.cloud.functions.v1.CloudFunction","name":"projects/thebunkerparties/locations/us-central1/functions/sendEmail","httpsTrigger":{"url":"https://us-central1-thebunkerparties.cloudfunctions.net/sendEmail","securityLevel":"SECURE_ALWAYS"},"status":"ACTIVE","entryPoint":"sendEmail","updateTime":"2023-04-01T04:44:29.772Z","versionId":"3","labels":{"deployment-tool":"cli-firebase","deployment-callable":"true","firebase-functions-hash":"66d56e281de7969322bd959dc94a0c6510d11efc"},"sourceUploadUrl":"https://storage.googleapis.com/uploads-825492070653.us-central1.cloudfunctions.appspot.com/4ca77a86-6f13-4b60-b914-4f6ce3108ed5.zip?GoogleAccessId=service-804722565276@gcf-admin-robot.iam.gserviceaccount.com&Expires=1680326213&Signature=i1WChf8EnI%2FP%2FD16dtalTUvAdDkfI88YMJXwwEooUK3Eqjw9ZIyjGTt8IKpcxOwTlmsGMXv7lpAsEMtFUPjKkDypw1Q1z%2F2sAYU1S%2FHQ%2FYnMFzi%2F8MAJjdNy15oAB%2BaMSfsQO5rU2wNnJEVDUXUFB9K%2BqregxwTasvGqg4pWC3dHhrwViMM15ag9oFn0t6ZnFa8SmxjVg3zzuYtjYYBC74%2FYTJ1RjhEHiJPcBoKMrhTiBQ5M9%2Bs6rCsl8LVH%2Fwi3tg13DARCNZQg6raQxdmBlpX6aD9D233uZlR13VCWO8entvFDcMNFShnsMMUqI8YXWSF7QkA5V0DmfcrgmfbdzQ%3D%3D","environmentVariables":{"FIREBASE_CONFIG":"{\"projectId\":\"thebunkerparties\",\"storageBucket\":\"thebunkerparties.appspot.com\"}","GCLOUD_PROJECT":"thebunkerparties","EVENTARC_CLOUD_EVENT_SOURCE":"projects/thebunkerparties/locations/us-central1/functions/sendEmail"},"runtime":"nodejs16","buildId":"2b98d9d2-f794-4ccc-94da-45c52546b306","buildName":"projects/804722565276/locations/us-central1/builds/2b98d9d2-f794-4ccc-94da-45c52546b306","dockerRegistry":"ARTIFACT_REGISTRY"},"versionId":"4","updateTime":"2023-04-01T04:46:55Z"}}
[debug] [2023-04-01T04:46:55.569Z] >>> [apiv2][query] GET https://cloudfunctions.googleapis.com/v1/operations/dGhlYnVua2VycGFydGllcy91cy1jZW50cmFsMS9zZW5kRW1haWwvT1Rzc0Q0Y19BLU0 [none]
[debug] [2023-04-01T04:46:56.178Z] <<< [apiv2][status] GET https://cloudfunctions.googleapis.com/v1/operations/dGhlYnVua2VycGFydGllcy91cy1jZW50cmFsMS9zZW5kRW1haWwvT1Rzc0Q0Y19BLU0 200
[debug] [2023-04-01T04:46:56.178Z] <<< [apiv2][body] GET https://cloudfunctions.googleapis.com/v1/operations/dGhlYnVua2VycGFydGllcy91cy1jZW50cmFsMS9zZW5kRW1haWwvT1Rzc0Q0Y19BLU0 {"name":"operations/dGhlYnVua2VycGFydGllcy91cy1jZW50cmFsMS9zZW5kRW1haWwvT1Rzc0Q0Y19BLU0","metadata":{"@type":"type.googleapis.com/google.cloud.functions.v1.OperationMetadataV1","target":"projects/thebunkerparties/locations/us-central1/functions/sendEmail","type":"UPDATE_FUNCTION","request":{"@type":"type.googleapis.com/google.cloud.functions.v1.CloudFunction","name":"projects/thebunkerparties/locations/us-central1/functions/sendEmail","httpsTrigger":{"url":"https://us-central1-thebunkerparties.cloudfunctions.net/sendEmail","securityLevel":"SECURE_ALWAYS"},"status":"ACTIVE","entryPoint":"sendEmail","updateTime":"2023-04-01T04:44:29.772Z","versionId":"3","labels":{"deployment-tool":"cli-firebase","deployment-callable":"true","firebase-functions-hash":"66d56e281de7969322bd959dc94a0c6510d11efc"},"sourceUploadUrl":"https://storage.googleapis.com/uploads-825492070653.us-central1.cloudfunctions.appspot.com/4ca77a86-6f13-4b60-b914-4f6ce3108ed5.zip?GoogleAccessId=service-804722565276@gcf-admin-robot.iam.gserviceaccount.com&Expires=1680326213&Signature=i1WChf8EnI%2FP%2FD16dtalTUvAdDkfI88YMJXwwEooUK3Eqjw9ZIyjGTt8IKpcxOwTlmsGMXv7lpAsEMtFUPjKkDypw1Q1z%2F2sAYU1S%2FHQ%2FYnMFzi%2F8MAJjdNy15oAB%2BaMSfsQO5rU2wNnJEVDUXUFB9K%2BqregxwTasvGqg4pWC3dHhrwViMM15ag9oFn0t6ZnFa8SmxjVg3zzuYtjYYBC74%2FYTJ1RjhEHiJPcBoKMrhTiBQ5M9%2Bs6rCsl8LVH%2Fwi3tg13DARCNZQg6raQxdmBlpX6aD9D233uZlR13VCWO8entvFDcMNFShnsMMUqI8YXWSF7QkA5V0DmfcrgmfbdzQ%3D%3D","environmentVariables":{"FIREBASE_CONFIG":"{\"projectId\":\"thebunkerparties\",\"storageBucket\":\"thebunkerparties.appspot.com\"}","GCLOUD_PROJECT":"thebunkerparties","EVENTARC_CLOUD_EVENT_SOURCE":"projects/thebunkerparties/locations/us-central1/functions/sendEmail"},"runtime":"nodejs16","buildId":"2b98d9d2-f794-4ccc-94da-45c52546b306","buildName":"projects/804722565276/locations/us-central1/builds/2b98d9d2-f794-4ccc-94da-45c52546b306","dockerRegistry":"ARTIFACT_REGISTRY"},"versionId":"4","updateTime":"2023-04-01T04:46:55Z"}}
[debug] [2023-04-01T04:46:56.682Z] [update-default-us-central1-sendEmail] Retrying task index 0
[debug] [2023-04-01T04:46:56.683Z] >>> [apiv2][query] GET https://cloudfunctions.googleapis.com/v1/operations/dGhlYnVua2VycGFydGllcy91cy1jZW50cmFsMS9zZW5kRW1haWwvT1Rzc0Q0Y19BLU0 [none]
[debug] [2023-04-01T04:46:57.202Z] <<< [apiv2][status] GET https://cloudfunctions.googleapis.com/v1/operations/dGhlYnVua2VycGFydGllcy91cy1jZW50cmFsMS9zZW5kRW1haWwvT1Rzc0Q0Y19BLU0 200
[debug] [2023-04-01T04:46:57.202Z] <<< [apiv2][body] GET https://cloudfunctions.googleapis.com/v1/operations/dGhlYnVua2VycGFydGllcy91cy1jZW50cmFsMS9zZW5kRW1haWwvT1Rzc0Q0Y19BLU0 {"name":"operations/dGhlYnVua2VycGFydGllcy91cy1jZW50cmFsMS9zZW5kRW1haWwvT1Rzc0Q0Y19BLU0","metadata":{"@type":"type.googleapis.com/google.cloud.functions.v1.OperationMetadataV1","target":"projects/thebunkerparties/locations/us-central1/functions/sendEmail","type":"UPDATE_FUNCTION","request":{"@type":"type.googleapis.com/google.cloud.functions.v1.CloudFunction","name":"projects/thebunkerparties/locations/us-central1/functions/sendEmail","httpsTrigger":{"url":"https://us-central1-thebunkerparties.cloudfunctions.net/sendEmail","securityLevel":"SECURE_ALWAYS"},"status":"ACTIVE","entryPoint":"sendEmail","updateTime":"2023-04-01T04:44:29.772Z","versionId":"3","labels":{"deployment-tool":"cli-firebase","deployment-callable":"true","firebase-functions-hash":"66d56e281de7969322bd959dc94a0c6510d11efc"},"sourceUploadUrl":"https://storage.googleapis.com/uploads-825492070653.us-central1.cloudfunctions.appspot.com/4ca77a86-6f13-4b60-b914-4f6ce3108ed5.zip?GoogleAccessId=service-804722565276@gcf-admin-robot.iam.gserviceaccount.com&Expires=1680326213&Signature=i1WChf8EnI%2FP%2FD16dtalTUvAdDkfI88YMJXwwEooUK3Eqjw9ZIyjGTt8IKpcxOwTlmsGMXv7lpAsEMtFUPjKkDypw1Q1z%2F2sAYU1S%2FHQ%2FYnMFzi%2F8MAJjdNy15oAB%2BaMSfsQO5rU2wNnJEVDUXUFB9K%2BqregxwTasvGqg4pWC3dHhrwViMM15ag9oFn0t6ZnFa8SmxjVg3zzuYtjYYBC74%2FYTJ1RjhEHiJPcBoKMrhTiBQ5M9%2Bs6rCsl8LVH%2Fwi3tg13DARCNZQg6raQxdmBlpX6aD9D233uZlR13VCWO8entvFDcMNFShnsMMUqI8YXWSF7QkA5V0DmfcrgmfbdzQ%3D%3D","environmentVariables":{"FIREBASE_CONFIG":"{\"projectId\":\"thebunkerparties\",\"storageBucket\":\"thebunkerparties.appspot.com\"}","GCLOUD_PROJECT":"thebunkerparties","EVENTARC_CLOUD_EVENT_SOURCE":"projects/thebunkerparties/locations/us-central1/functions/sendEmail"},"runtime":"nodejs16","buildId":"2b98d9d2-f794-4ccc-94da-45c52546b306","buildName":"projects/804722565276/locations/us-central1/builds/2b98d9d2-f794-4ccc-94da-45c52546b306","dockerRegistry":"ARTIFACT_REGISTRY"},"versionId":"4","updateTime":"2023-04-01T04:46:55Z","buildId":"81a1fec5-8987-477a-8a74-f9cf6dc6dad2","buildName":"projects/804722565276/locations/us-central1/builds/81a1fec5-8987-477a-8a74-f9cf6dc6dad2"}}
[debug] [2023-04-01T04:46:58.204Z] [update-default-us-central1-sendEmail] Retrying task index 0
[debug] [2023-04-01T04:46:58.205Z] >>> [apiv2][query] GET https://cloudfunctions.googleapis.com/v1/operations/dGhlYnVua2VycGFydGllcy91cy1jZW50cmFsMS9zZW5kRW1haWwvT1Rzc0Q0Y19BLU0 [none]
[debug] [2023-04-01T04:46:58.584Z] <<< [apiv2][status] GET https://cloudfunctions.googleapis.com/v1/operations/dGhlYnVua2VycGFydGllcy91cy1jZW50cmFsMS9zZW5kRW1haWwvT1Rzc0Q0Y19BLU0 200
[debug] [2023-04-01T04:46:58.585Z] <<< [apiv2][body] GET https://cloudfunctions.googleapis.com/v1/operations/dGhlYnVua2VycGFydGllcy91cy1jZW50cmFsMS9zZW5kRW1haWwvT1Rzc0Q0Y19BLU0 {"name":"operations/dGhlYnVua2VycGFydGllcy91cy1jZW50cmFsMS9zZW5kRW1haWwvT1Rzc0Q0Y19BLU0","metadata":{"@type":"type.googleapis.com/google.cloud.functions.v1.OperationMetadataV1","target":"projects/thebunkerparties/locations/us-central1/functions/sendEmail","type":"UPDATE_FUNCTION","request":{"@type":"type.googleapis.com/google.cloud.functions.v1.CloudFunction","name":"projects/thebunkerparties/locations/us-central1/functions/sendEmail","httpsTrigger":{"url":"https://us-central1-thebunkerparties.cloudfunctions.net/sendEmail","securityLevel":"SECURE_ALWAYS"},"status":"ACTIVE","entryPoint":"sendEmail","updateTime":"2023-04-01T04:44:29.772Z","versionId":"3","labels":{"deployment-tool":"cli-firebase","deployment-callable":"true","firebase-functions-hash":"66d56e281de7969322bd959dc94a0c6510d11efc"},"sourceUploadUrl":"https://storage.googleapis.com/uploads-825492070653.us-central1.cloudfunctions.appspot.com/4ca77a86-6f13-4b60-b914-4f6ce3108ed5.zip?GoogleAccessId=service-804722565276@gcf-admin-robot.iam.gserviceaccount.com&Expires=1680326213&Signature=i1WChf8EnI%2FP%2FD16dtalTUvAdDkfI88YMJXwwEooUK3Eqjw9ZIyjGTt8IKpcxOwTlmsGMXv7lpAsEMtFUPjKkDypw1Q1z%2F2sAYU1S%2FHQ%2FYnMFzi%2F8MAJjdNy15oAB%2BaMSfsQO5rU2wNnJEVDUXUFB9K%2BqregxwTasvGqg4pWC3dHhrwViMM15ag9oFn0t6ZnFa8SmxjVg3zzuYtjYYBC74%2FYTJ1RjhEHiJPcBoKMrhTiBQ5M9%2Bs6rCsl8LVH%2Fwi3tg13DARCNZQg6raQxdmBlpX6aD9D233uZlR13VCWO8entvFDcMNFShnsMMUqI8YXWSF7QkA5V0DmfcrgmfbdzQ%3D%3D","environmentVariables":{"FIREBASE_CONFIG":"{\"projectId\":\"thebunkerparties\",\"storageBucket\":\"thebunkerparties.appspot.com\"}","GCLOUD_PROJECT":"thebunkerparties","EVENTARC_CLOUD_EVENT_SOURCE":"projects/thebunkerparties/locations/us-central1/functions/sendEmail"},"runtime":"nodejs16","buildId":"2b98d9d2-f794-4ccc-94da-45c52546b306","buildName":"projects/804722565276/locations/us-central1/builds/2b98d9d2-f794-4ccc-94da-45c52546b306","dockerRegistry":"ARTIFACT_REGISTRY"},"versionId":"4","updateTime":"2023-04-01T04:46:55Z","buildId":"81a1fec5-8987-477a-8a74-f9cf6dc6dad2","buildName":"projects/804722565276/locations/us-central1/builds/81a1fec5-8987-477a-8a74-f9cf6dc6dad2"}}
[debug] [2023-04-01T04:47:00.586Z] [update-default-us-central1-sendEmail] Retrying task index 0
[debug] [2023-04-01T04:47:00.586Z] >>> [apiv2][query] GET https://cloudfunctions.googleapis.com/v1/operations/dGhlYnVua2VycGFydGllcy91cy1jZW50cmFsMS9zZW5kRW1haWwvT1Rzc0Q0Y19BLU0 [none]
[debug] [2023-04-01T04:47:00.809Z] <<< [apiv2][status] GET https://cloudfunctions.googleapis.com/v1/operations/dGhlYnVua2VycGFydGllcy91cy1jZW50cmFsMS9zZW5kRW1haWwvT1Rzc0Q0Y19BLU0 200
[debug] [2023-04-01T04:47:00.810Z] <<< [apiv2][body] GET https://cloudfunctions.googleapis.com/v1/operations/dGhlYnVua2VycGFydGllcy91cy1jZW50cmFsMS9zZW5kRW1haWwvT1Rzc0Q0Y19BLU0 {"name":"operations/dGhlYnVua2VycGFydGllcy91cy1jZW50cmFsMS9zZW5kRW1haWwvT1Rzc0Q0Y19BLU0","metadata":{"@type":"type.googleapis.com/google.cloud.functions.v1.OperationMetadataV1","target":"projects/thebunkerparties/locations/us-central1/functions/sendEmail","type":"UPDATE_FUNCTION","request":{"@type":"type.googleapis.com/google.cloud.functions.v1.CloudFunction","name":"projects/thebunkerparties/locations/us-central1/functions/sendEmail","httpsTrigger":{"url":"https://us-central1-thebunkerparties.cloudfunctions.net/sendEmail","securityLevel":"SECURE_ALWAYS"},"status":"ACTIVE","entryPoint":"sendEmail","updateTime":"2023-04-01T04:44:29.772Z","versionId":"3","labels":{"deployment-tool":"cli-firebase","deployment-callable":"true","firebase-functions-hash":"66d56e281de7969322bd959dc94a0c6510d11efc"},"sourceUploadUrl":"https://storage.googleapis.com/uploads-825492070653.us-central1.cloudfunctions.appspot.com/4ca77a86-6f13-4b60-b914-4f6ce3108ed5.zip?GoogleAccessId=service-804722565276@gcf-admin-robot.iam.gserviceaccount.com&Expires=1680326213&Signature=i1WChf8EnI%2FP%2FD16dtalTUvAdDkfI88YMJXwwEooUK3Eqjw9ZIyjGTt8IKpcxOwTlmsGMXv7lpAsEMtFUPjKkDypw1Q1z%2F2sAYU1S%2FHQ%2FYnMFzi%2F8MAJjdNy15oAB%2BaMSfsQO5rU2wNnJEVDUXUFB9K%2BqregxwTasvGqg4pWC3dHhrwViMM15ag9oFn0t6ZnFa8SmxjVg3zzuYtjYYBC74%2FYTJ1RjhEHiJPcBoKMrhTiBQ5M9%2Bs6rCsl8LVH%2Fwi3tg13DARCNZQg6raQxdmBlpX6aD9D233uZlR13VCWO8entvFDcMNFShnsMMUqI8YXWSF7QkA5V0DmfcrgmfbdzQ%3D%3D","environmentVariables":{"FIREBASE_CONFIG":"{\"projectId\":\"thebunkerparties\",\"storageBucket\":\"thebunkerparties.appspot.com\"}","GCLOUD_PROJECT":"thebunkerparties","EVENTARC_CLOUD_EVENT_SOURCE":"projects/thebunkerparties/locations/us-central1/functions/sendEmail"},"runtime":"nodejs16","buildId":"2b98d9d2-f794-4ccc-94da-45c52546b306","buildName":"projects/804722565276/locations/us-central1/builds/2b98d9d2-f794-4ccc-94da-45c52546b306","dockerRegistry":"ARTIFACT_REGISTRY"},"versionId":"4","updateTime":"2023-04-01T04:46:55Z","buildId":"81a1fec5-8987-477a-8a74-f9cf6dc6dad2","buildName":"projects/804722565276/locations/us-central1/builds/81a1fec5-8987-477a-8a74-f9cf6dc6dad2"}}
[debug] [2023-04-01T04:47:04.810Z] [update-default-us-central1-sendEmail] Retrying task index 0
[debug] [2023-04-01T04:47:04.811Z] >>> [apiv2][query] GET https://cloudfunctions.googleapis.com/v1/operations/dGhlYnVua2VycGFydGllcy91cy1jZW50cmFsMS9zZW5kRW1haWwvT1Rzc0Q0Y19BLU0 [none]
[debug] [2023-04-01T04:47:05.065Z] <<< [apiv2][status] GET https://cloudfunctions.googleapis.com/v1/operations/dGhlYnVua2VycGFydGllcy91cy1jZW50cmFsMS9zZW5kRW1haWwvT1Rzc0Q0Y19BLU0 200
[debug] [2023-04-01T04:47:05.065Z] <<< [apiv2][body] GET https://cloudfunctions.googleapis.com/v1/operations/dGhlYnVua2VycGFydGllcy91cy1jZW50cmFsMS9zZW5kRW1haWwvT1Rzc0Q0Y19BLU0 {"name":"operations/dGhlYnVua2VycGFydGllcy91cy1jZW50cmFsMS9zZW5kRW1haWwvT1Rzc0Q0Y19BLU0","metadata":{"@type":"type.googleapis.com/google.cloud.functions.v1.OperationMetadataV1","target":"projects/thebunkerparties/locations/us-central1/functions/sendEmail","type":"UPDATE_FUNCTION","request":{"@type":"type.googleapis.com/google.cloud.functions.v1.CloudFunction","name":"projects/thebunkerparties/locations/us-central1/functions/sendEmail","httpsTrigger":{"url":"https://us-central1-thebunkerparties.cloudfunctions.net/sendEmail","securityLevel":"SECURE_ALWAYS"},"status":"ACTIVE","entryPoint":"sendEmail","updateTime":"2023-04-01T04:44:29.772Z","versionId":"3","labels":{"deployment-tool":"cli-firebase","deployment-callable":"true","firebase-functions-hash":"66d56e281de7969322bd959dc94a0c6510d11efc"},"sourceUploadUrl":"https://storage.googleapis.com/uploads-825492070653.us-central1.cloudfunctions.appspot.com/4ca77a86-6f13-4b60-b914-4f6ce3108ed5.zip?GoogleAccessId=service-804722565276@gcf-admin-robot.iam.gserviceaccount.com&Expires=1680326213&Signature=i1WChf8EnI%2FP%2FD16dtalTUvAdDkfI88YMJXwwEooUK3Eqjw9ZIyjGTt8IKpcxOwTlmsGMXv7lpAsEMtFUPjKkDypw1Q1z%2F2sAYU1S%2FHQ%2FYnMFzi%2F8MAJjdNy15oAB%2BaMSfsQO5rU2wNnJEVDUXUFB9K%2BqregxwTasvGqg4pWC3dHhrwViMM15ag9oFn0t6ZnFa8SmxjVg3zzuYtjYYBC74%2FYTJ1RjhEHiJPcBoKMrhTiBQ5M9%2Bs6rCsl8LVH%2Fwi3tg13DARCNZQg6raQxdmBlpX6aD9D233uZlR13VCWO8entvFDcMNFShnsMMUqI8YXWSF7QkA5V0DmfcrgmfbdzQ%3D%3D","environmentVariables":{"FIREBASE_CONFIG":"{\"projectId\":\"thebunkerparties\",\"storageBucket\":\"thebunkerparties.appspot.com\"}","GCLOUD_PROJECT":"thebunkerparties","EVENTARC_CLOUD_EVENT_SOURCE":"projects/thebunkerparties/locations/us-central1/functions/sendEmail"},"runtime":"nodejs16","buildId":"2b98d9d2-f794-4ccc-94da-45c52546b306","buildName":"projects/804722565276/locations/us-central1/builds/2b98d9d2-f794-4ccc-94da-45c52546b306","dockerRegistry":"ARTIFACT_REGISTRY"},"versionId":"4","updateTime":"2023-04-01T04:46:55Z","buildId":"81a1fec5-8987-477a-8a74-f9cf6dc6dad2","buildName":"projects/804722565276/locations/us-central1/builds/81a1fec5-8987-477a-8a74-f9cf6dc6dad2"}}
[debug] [2023-04-01T04:47:13.066Z] [update-default-us-central1-sendEmail] Retrying task index 0
[debug] [2023-04-01T04:47:13.067Z] >>> [apiv2][query] GET https://cloudfunctions.googleapis.com/v1/operations/dGhlYnVua2VycGFydGllcy91cy1jZW50cmFsMS9zZW5kRW1haWwvT1Rzc0Q0Y19BLU0 [none]
[debug] [2023-04-01T04:47:13.484Z] <<< [apiv2][status] GET https://cloudfunctions.googleapis.com/v1/operations/dGhlYnVua2VycGFydGllcy91cy1jZW50cmFsMS9zZW5kRW1haWwvT1Rzc0Q0Y19BLU0 200
[debug] [2023-04-01T04:47:13.484Z] <<< [apiv2][body] GET https://cloudfunctions.googleapis.com/v1/operations/dGhlYnVua2VycGFydGllcy91cy1jZW50cmFsMS9zZW5kRW1haWwvT1Rzc0Q0Y19BLU0 {"name":"operations/dGhlYnVua2VycGFydGllcy91cy1jZW50cmFsMS9zZW5kRW1haWwvT1Rzc0Q0Y19BLU0","metadata":{"@type":"type.googleapis.com/google.cloud.functions.v1.OperationMetadataV1","target":"projects/thebunkerparties/locations/us-central1/functions/sendEmail","type":"UPDATE_FUNCTION","request":{"@type":"type.googleapis.com/google.cloud.functions.v1.CloudFunction","name":"projects/thebunkerparties/locations/us-central1/functions/sendEmail","httpsTrigger":{"url":"https://us-central1-thebunkerparties.cloudfunctions.net/sendEmail","securityLevel":"SECURE_ALWAYS"},"status":"ACTIVE","entryPoint":"sendEmail","updateTime":"2023-04-01T04:44:29.772Z","versionId":"3","labels":{"deployment-tool":"cli-firebase","deployment-callable":"true","firebase-functions-hash":"66d56e281de7969322bd959dc94a0c6510d11efc"},"sourceUploadUrl":"https://storage.googleapis.com/uploads-825492070653.us-central1.cloudfunctions.appspot.com/4ca77a86-6f13-4b60-b914-4f6ce3108ed5.zip?GoogleAccessId=service-804722565276@gcf-admin-robot.iam.gserviceaccount.com&Expires=1680326213&Signature=i1WChf8EnI%2FP%2FD16dtalTUvAdDkfI88YMJXwwEooUK3Eqjw9ZIyjGTt8IKpcxOwTlmsGMXv7lpAsEMtFUPjKkDypw1Q1z%2F2sAYU1S%2FHQ%2FYnMFzi%2F8MAJjdNy15oAB%2BaMSfsQO5rU2wNnJEVDUXUFB9K%2BqregxwTasvGqg4pWC3dHhrwViMM15ag9oFn0t6ZnFa8SmxjVg3zzuYtjYYBC74%2FYTJ1RjhEHiJPcBoKMrhTiBQ5M9%2Bs6rCsl8LVH%2Fwi3tg13DARCNZQg6raQxdmBlpX6aD9D233uZlR13VCWO8entvFDcMNFShnsMMUqI8YXWSF7QkA5V0DmfcrgmfbdzQ%3D%3D","environmentVariables":{"FIREBASE_CONFIG":"{\"projectId\":\"thebunkerparties\",\"storageBucket\":\"thebunkerparties.appspot.com\"}","GCLOUD_PROJECT":"thebunkerparties","EVENTARC_CLOUD_EVENT_SOURCE":"projects/thebunkerparties/locations/us-central1/functions/sendEmail"},"runtime":"nodejs16","buildId":"2b98d9d2-f794-4ccc-94da-45c52546b306","buildName":"projects/804722565276/locations/us-central1/builds/2b98d9d2-f794-4ccc-94da-45c52546b306","dockerRegistry":"ARTIFACT_REGISTRY"},"versionId":"4","updateTime":"2023-04-01T04:46:55Z","buildId":"81a1fec5-8987-477a-8a74-f9cf6dc6dad2","buildName":"projects/804722565276/locations/us-central1/builds/81a1fec5-8987-477a-8a74-f9cf6dc6dad2"}}
